<?xml version='1.0' encoding='UTF-8'?>
<testsuite hostname="s-macbook-pro" name="wikipedia.WikipediaSuite" tests="5" errors="0" failures="0" skipped="0" time="6.303" timestamp="2020-09-07T11:44:25">
                     <properties>
[...]
</properties>
                     <testcase classname="wikipedia.WikipediaSuite" name="'rankLangsReduceByKey' should work for a simple RDD with five elements" time="5.475">
                                                 
                                               </testcase><testcase classname="wikipedia.WikipediaSuite" name="'occurrencesOfLang' should work for (specific) RDD with one element" time="0.139">
                                                 
                                               </testcase><testcase classname="wikipedia.WikipediaSuite" name="'rankLangs' should work for RDD with two elements" time="0.252">
                                                 
                                               </testcase><testcase classname="wikipedia.WikipediaSuite" name="'rankLangsUsingIndex' should work for a simple RDD with three elements" time="0.308">
                                                 
                                               </testcase><testcase classname="wikipedia.WikipediaSuite" name="'makeIndex' creates a simple index with two entries" time="0.129">
                                                 
                                               </testcase>
                     <system-out><![CDATA[]]></system-out>
                     <system-err><![CDATA[]]></system-err>
                   </testsuite>