[0m[[0m[0mdebug[0m] [0m[0mjavaOptions: Vector()[0m
[0m[[0m[0mdebug[0m] [0m[0mForking tests - parallelism = false[0m
[0m[[0m[0mdebug[0m] [0m[0mCreate a single-thread test executor[0m
[0m[[0m[0mdebug[0m] [0m[0mRunner for org.scalacheck.ScalaCheckFramework produced 1 initial tasks for 1 tests.[0m
[0m[[0m[0mdebug[0m] [0m[0m  Running TaskDef(quickcheck.QuickCheckBinomialHeap, sbt.ForkMain$SubclassFingerscan@765bf340, false, [SuiteSelector])[0m
[0m[[0m[0minfo[0m] [0m[0m[32m+ Heap.gen1: OK, passed 100 tests.[0m[0m
[0m[[0m[0minfo[0m] [0m[0m[32m+ Heap.min1: OK, passed 100 tests.[0m[0m
[0m[[0m[0minfo[0m] [0m[0m[32m+ Heap.min2: OK, passed 100 tests.[0m[0m
[0m[[0m[0minfo[0m] [0m[0m[32m+ Heap.empty1: OK, passed 100 tests.[0m[0m
[0m[[0m[0minfo[0m] [0m[0m[32m+ Heap.min3: OK, passed 100 tests.[0m[0m
[0m[[0m[0minfo[0m] [0m[0m[31m! Heap.sortSeq: Falsified after 14 passed tests.[0m
[0m[[0m[0minfo[0m] [0m[0m> ARG_0: List(Node(-1,0,List()), Node(-1,1,List(Node(37941455,0,List()))))[0m[0m
[0m[[0m[0mdebug[0m] [0m[0m    Produced 0 nested tasks and 6 events.[0m
[0m[[0m[0mdebug[0m] [0m[0mRunner for com.novocode.junit.JUnitFramework produced 1 initial tasks for 1 tests.[0m
[0m[[0m[0mdebug[0m] [0m[0m  Running TaskDef(quickcheck.QuickCheckSuite, sbt.ForkMain$AnnotatedFingerscan@4017c69a, false, [SuiteSelector])[0m
[0m[[0m[0minfo[0m] [0m[0m[34mTest run started[0m[0m
[0m[[0m[0minfo[0m] [0m[0mTest quickcheck.[33mQuickCheckSuite[0m.[36mBogus (5) binomial heap does not satisfy properties. (10pts)[0m started[0m
[0m[[0m[0mdebug[0m] [0m[0mTest quickcheck.[33mQuickCheckSuite[0m.[36mBogus (5) binomial heap does not satisfy properties. (10pts)[0m finished, took 0.01 sec[0m
[0m[[0m[0minfo[0m] [0m[0mTest quickcheck.[33mQuickCheckSuite[0m.[36mBogus (4) binomial heap does not satisfy properties. (10pts)[0m started[0m
[0m[[0m[0mdebug[0m] [0m[0mTest quickcheck.[33mQuickCheckSuite[0m.[36mBogus (4) binomial heap does not satisfy properties. (10pts)[0m finished, took 0.004 sec[0m
[0m[[0m[0minfo[0m] [0m[0mTest quickcheck.[33mQuickCheckSuite[0m.[36mBogus (3) binomial heap does not satisfy properties. (10pts)[0m started[0m
[0m[[0m[0mdebug[0m] [0m[0mTest quickcheck.[33mQuickCheckSuite[0m.[36mBogus (3) binomial heap does not satisfy properties. (10pts)[0m finished, took 0.002 sec[0m
[0m[[0m[0minfo[0m] [0m[0mTest quickcheck.[33mQuickCheckSuite[0m.[36mBogus (2) binomial heap does not satisfy properties. (10pts)[0m started[0m
[0m[[0m[0mdebug[0m] [0m[0mTest quickcheck.[33mQuickCheckSuite[0m.[36mBogus (2) binomial heap does not satisfy properties. (10pts)[0m finished, took 0.058 sec[0m
[0m[[0m[0minfo[0m] [0m[0mTest quickcheck.[33mQuickCheckSuite[0m.[36mBinomial heap satisfies properties. (5pts)[0m started[0m
[0m[[0m[31merror[0m] [0m[0mTest quickcheck.[33mQuickCheckSuite[0m.[31mBinomial heap satisfies properties. (5pts)[0m failed: java.lang.[31mAssertionError[0m: null, took 0.04 sec[0m
[0m[[0m[31merror[0m] [0m[0m    at quickcheck.QuickCheckSuite.Binomial heap satisfies properties. (5pts)([35mQuickCheckSuite.scala[0m:[33m36[0m)[0m
[0m[[0m[31merror[0m] [0m[0m    at jdk.internal.reflect.NativeMethodAccessorImpl.invoke0(Native Method)[0m
[0m[[0m[31merror[0m] [0m[0m    at jdk.internal.reflect.NativeMethodAccessorImpl.invoke(NativeMethodAccessorImpl.java:62)[0m
[0m[[0m[31merror[0m] [0m[0m    at jdk.internal.reflect.DelegatingMethodAccessorImpl.invoke(DelegatingMethodAccessorImpl.java:43)[0m
[0m[[0m[31merror[0m] [0m[0m    at java.lang.reflect.Method.invoke(Method.java:564)[0m
[0m[[0m[31merror[0m] [0m[0m    ...[0m
[0m[[0m[0mdebug[0m] [0m[0mTest quickcheck.[33mQuickCheckSuite[0m.[36mBinomial heap satisfies properties. (5pts)[0m finished, took 0.042 sec[0m
[0m[[0m[0minfo[0m] [0m[0mTest quickcheck.[33mQuickCheckSuite[0m.[36mBogus (1) binomial heap does not satisfy properties. (10pts)[0m started[0m
[0m[[0m[0mdebug[0m] [0m[0mTest quickcheck.[33mQuickCheckSuite[0m.[36mBogus (1) binomial heap does not satisfy properties. (10pts)[0m finished, took 0.004 sec[0m
[0m[[0m[0minfo[0m] [0m[0m[34mTest run finished: [0m[31m1 failed[0m[34m, [0m[34m0 ignored[0m[34m, 6 total, 0.139s[0m[0m
[0m[[0m[0mdebug[0m] [0m[0m    Produced 0 nested tasks and 6 events.[0m
[0m[[0m[0mdebug[0m] [0m[0mSummary for ScalaCheck not available.[0m
[0m[[0m[0mdebug[0m] [0m[0mSummary for JUnit not available.[0m
[0m[[0m[31merror[0m] [0m[0mFailed: Total 12, Failed 2, Errors 0, Passed 10[0m
[0m[[0m[31merror[0m] [0m[0mFailed tests:[0m
[0m[[0m[31merror[0m] [0m[0m	quickcheck.QuickCheckBinomialHeap[0m
[0m[[0m[31merror[0m] [0m[0m	quickcheck.QuickCheckSuite[0m
[0m[[0m[31merror[0m] [0m[0m(Test / [31mtestOnly[0m) sbt.TestsFailedException: Tests unsuccessful[0m
