<?xml version='1.0' encoding='UTF-8'?>
<testsuite hostname="user0s-mbp" name="quickcheck.QuickCheckBinomialHeap" tests="6" errors="0" failures="1" skipped="0" time="-0.006" timestamp="2020-08-20T17:52:08">
                     <properties>
[...]
</properties>
                     <testcase classname="quickcheck.QuickCheckBinomialHeap" name="Heap.gen1" time="-0.001">
                                                 
                                               </testcase><testcase classname="quickcheck.QuickCheckBinomialHeap" name="Heap.min1" time="-0.001">
                                                 
                                               </testcase><testcase classname="quickcheck.QuickCheckBinomialHeap" name="Heap.min2" time="-0.001">
                                                 
                                               </testcase><testcase classname="quickcheck.QuickCheckBinomialHeap" name="Heap.empty1" time="-0.001">
                                                 
                                               </testcase><testcase classname="quickcheck.QuickCheckBinomialHeap" name="Heap.min3" time="-0.001">
                                                 
                                               </testcase><testcase classname="quickcheck.QuickCheckBinomialHeap" name="Heap.sortSeq" time="-0.001">
                                                 <failure message="java.lang.Exception: Falsified after 14 passed tests.
&gt; ARG_0: List(Node(-1,0,List()), Node(-1,1,List(Node(37941455,0,List()))))" type="sbt.ForkMain$ForkError">sbt.ForkMain$ForkError: java.lang.Exception: Falsified after 14 passed tests.
&gt; ARG_0: List(Node(-1,0,List()), Node(-1,1,List(Node(37941455,0,List()))))
	at org.scalacheck.ScalaCheckRunner$$anon$2$$anon$3.&lt;init&gt;(ScalaCheckFramework.scala:136)
	at org.scalacheck.ScalaCheckRunner$$anon$2.executeInternal(ScalaCheckFramework.scala:125)
	at org.scalacheck.ScalaCheckRunner$$anon$2.$anonfun$execute$11(ScalaCheckFramework.scala:113)
	at org.scalacheck.ScalaCheckRunner$$anon$2.$anonfun$execute$11$adapted(ScalaCheckFramework.scala:112)
	at scala.collection.IterableOnceOps.foreach(IterableOnce.scala:576)
	at scala.collection.IterableOnceOps.foreach$(IterableOnce.scala:574)
	at scala.collection.AbstractIterable.foreach(Iterable.scala:904)
	at scala.collection.IterableOps$WithFilter.foreach(Iterable.scala:874)
	at org.scalacheck.ScalaCheckRunner$$anon$2.execute(ScalaCheckFramework.scala:112)
	at sbt.ForkMain$Run.lambda$runTest$1(ForkMain.java:304)
	at java.base/java.util.concurrent.FutureTask.run(FutureTask.java:264)
	at java.base/java.util.concurrent.ThreadPoolExecutor.runWorker(ThreadPoolExecutor.java:1130)
	at java.base/java.util.concurrent.ThreadPoolExecutor$Worker.run(ThreadPoolExecutor.java:630)
	at java.base/java.lang.Thread.run(Thread.java:832)
</failure>
                                               </testcase>
                     <system-out><![CDATA[]]></system-out>
                     <system-err><![CDATA[]]></system-err>
                   </testsuite>